[debug] [2024-12-20T17:43:16.502Z] ----------------------------------------------------------------------
[debug] [2024-12-20T17:43:16.506Z] Command:       C:\Program Files\nodejs\node.exe C:\Users\IT\AppData\Roaming\npm\node_modules\firebase-tools\lib\bin\firebase.js login
[debug] [2024-12-20T17:43:16.507Z] CLI Version:   13.29.1
[debug] [2024-12-20T17:43:16.507Z] Platform:      win32
[debug] [2024-12-20T17:43:16.507Z] Node Version:  v20.11.1
[debug] [2024-12-20T17:43:16.507Z] Time:          Fri Dec 20 2024 19:43:16 GMT+0200 (توقيت شرق أوروبا الرسمي)
[debug] [2024-12-20T17:43:16.508Z] ----------------------------------------------------------------------
[debug] 
[info] i  Firebase optionally collects CLI and Emulator Suite usage and error reporting information to help improve our products. Data is collected in accordance with Google's privacy policy (https://policies.google.com/privacy) and is not used to identify you.
 
[info] 
[info] Visit this URL on this device to log in:
[info] https://accounts.google.com/o/oauth2/auth?client_id=563584335869-fgrhgmd47bqnekij5i8b5pr03ho849e6.apps.googleusercontent.com&scope=email%20openid%20https%3A%2F%2Fwww.googleapis.com%2Fauth%2Fcloudplatformprojects.readonly%20https%3A%2F%2Fwww.googleapis.com%2Fauth%2Ffirebase%20https%3A%2F%2Fwww.googleapis.com%2Fauth%2Fcloud-platform&response_type=code&state=574829740&redirect_uri=http%3A%2F%2Flocalhost%3A9005
[info] 
[info] Waiting for authentication...
[debug] [2024-12-20T17:49:30.589Z] ----------------------------------------------------------------------
[debug] [2024-12-20T17:49:30.593Z] Command:       C:\Program Files\nodejs\node.exe C:\Users\IT\AppData\Roaming\npm\node_modules\firebase-tools\lib\bin\firebase.js login
[debug] [2024-12-20T17:49:30.593Z] CLI Version:   13.29.1
[debug] [2024-12-20T17:49:30.594Z] Platform:      win32
[debug] [2024-12-20T17:49:30.594Z] Node Version:  v20.11.1
[debug] [2024-12-20T17:49:30.594Z] Time:          Fri Dec 20 2024 19:49:30 GMT+0200 (توقيت شرق أوروبا الرسمي)
[debug] [2024-12-20T17:49:30.594Z] ----------------------------------------------------------------------
[debug] 
[info] i  Firebase optionally collects CLI and Emulator Suite usage and error reporting information to help improve our products. Data is collected in accordance with Google's privacy policy (https://policies.google.com/privacy) and is not used to identify you.
 
[info] 
[info] Visit this URL on this device to log in:
[info] https://accounts.google.com/o/oauth2/auth?client_id=563584335869-fgrhgmd47bqnekij5i8b5pr03ho849e6.apps.googleusercontent.com&scope=email%20openid%20https%3A%2F%2Fwww.googleapis.com%2Fauth%2Fcloudplatformprojects.readonly%20https%3A%2F%2Fwww.googleapis.com%2Fauth%2Ffirebase%20https%3A%2F%2Fwww.googleapis.com%2Fauth%2Fcloud-platform&response_type=code&state=553945100&redirect_uri=http%3A%2F%2Flocalhost%3A9005
[info] 
[info] Waiting for authentication...
